Build started 2/23/2016 2:18:48 PM.
     1>Project "C:\Users\Hua Yuan Yu\CS3113\project_template\Windows\NYUCodebase\NYUCodebase\NYUCodebase.vcxproj" on node 2 (Build target(s)).
     1>ClCompile:
         C:\Program Files (x86)\Microsoft Visual Studio 12.0\VC\bin\CL.exe /c /IC:\SDL2\include /IC:\SDL2_image\include /IC:\glew\include /IC:\SDL2_mixer\include /ZI /nologo /W3 /WX- /sdl /Od /Oy- /D _WINDOWS /D _MBCS /D _MBCS /Gm /EHsc /RTC1 /MDd /GS /fp:precise /Zc:wchar_t /Zc:forScope /Fo"Debug\\" /Fd"Debug\vc120.pdb" /Gd /TP /analyze- /errorReport:prompt gameApp.cpp
         gameApp.cpp
     1>c:\users\hua yuan yu\cs3113\project_template\windows\nyucodebase\nyucodebase\gameapp.cpp(30): warning C4018: '<' : signed/unsigned mismatch
     1>c:\users\hua yuan yu\cs3113\project_template\windows\nyucodebase\nyucodebase\gameapp.cpp(93): warning C4305: 'argument' : truncation from 'double' to 'float'
     1>c:\users\hua yuan yu\cs3113\project_template\windows\nyucodebase\nyucodebase\gameapp.cpp(104): warning C4305: 'argument' : truncation from 'double' to 'float'
     1>c:\users\hua yuan yu\cs3113\project_template\windows\nyucodebase\nyucodebase\gameapp.cpp(108): warning C4305: 'argument' : truncation from 'double' to 'float'
     1>c:\users\hua yuan yu\cs3113\project_template\windows\nyucodebase\nyucodebase\gameapp.cpp(125): warning C4553: '==' : operator has no effect; did you intend '='?
     1>c:\users\hua yuan yu\cs3113\project_template\windows\nyucodebase\nyucodebase\gameapp.cpp(137): warning C4553: '==' : operator has no effect; did you intend '='?
     1>c:\users\hua yuan yu\cs3113\project_template\windows\nyucodebase\nyucodebase\gameapp.cpp(187): warning C4305: 'argument' : truncation from 'double' to 'float'
     1>c:\users\hua yuan yu\cs3113\project_template\windows\nyucodebase\nyucodebase\gameapp.cpp(197): warning C4018: '<' : signed/unsigned mismatch
     1>c:\users\hua yuan yu\cs3113\project_template\windows\nyucodebase\nyucodebase\gameapp.cpp(205): warning C4018: '<' : signed/unsigned mismatch
     1>c:\users\hua yuan yu\cs3113\project_template\windows\nyucodebase\nyucodebase\gameapp.cpp(212): warning C4018: '<' : signed/unsigned mismatch
     1>c:\users\hua yuan yu\cs3113\project_template\windows\nyucodebase\nyucodebase\gameapp.cpp(250): warning C4305: 'argument' : truncation from 'double' to 'float'
     1>c:\users\hua yuan yu\cs3113\project_template\windows\nyucodebase\nyucodebase\gameapp.cpp(279): warning C4305: 'argument' : truncation from 'double' to 'float'
     1>c:\users\hua yuan yu\cs3113\project_template\windows\nyucodebase\nyucodebase\gameapp.cpp(286): warning C4305: 'argument' : truncation from 'double' to 'float'
     1>c:\users\hua yuan yu\cs3113\project_template\windows\nyucodebase\nyucodebase\gameapp.cpp(321): warning C4018: '<' : signed/unsigned mismatch
     1>c:\users\hua yuan yu\cs3113\project_template\windows\nyucodebase\nyucodebase\gameapp.cpp(323): warning C4305: 'argument' : truncation from 'double' to 'float'
     1>c:\users\hua yuan yu\cs3113\project_template\windows\nyucodebase\nyucodebase\gameapp.cpp(335): warning C4244: 'return' : conversion from 'double' to 'float', possible loss of data
     1>c:\users\hua yuan yu\cs3113\project_template\windows\nyucodebase\nyucodebase\gameapp.cpp(349): warning C4244: 'initializing' : conversion from 'float' to 'int', possible loss of data
     1>c:\users\hua yuan yu\cs3113\project_template\windows\nyucodebase\nyucodebase\gameapp.cpp(357): warning C4018: '<' : signed/unsigned mismatch
     1>c:\users\hua yuan yu\cs3113\project_template\windows\nyucodebase\nyucodebase\gameapp.cpp(366): warning C4018: '<' : signed/unsigned mismatch
     1>c:\users\hua yuan yu\cs3113\project_template\windows\nyucodebase\nyucodebase\gameapp.cpp(384): warning C4018: '<' : signed/unsigned mismatch
     1>c:\users\hua yuan yu\cs3113\project_template\windows\nyucodebase\nyucodebase\gameapp.cpp(393): warning C4018: '<' : signed/unsigned mismatch
     1>c:\users\hua yuan yu\cs3113\project_template\windows\nyucodebase\nyucodebase\gameapp.cpp(409): warning C4018: '<' : signed/unsigned mismatch
     1>c:\users\hua yuan yu\cs3113\project_template\windows\nyucodebase\nyucodebase\gameapp.cpp(412): warning C4244: 'argument' : conversion from 'double' to 'float', possible loss of data
     1>c:\users\hua yuan yu\cs3113\project_template\windows\nyucodebase\nyucodebase\gameapp.cpp(422): warning C4018: '<' : signed/unsigned mismatch
     1>c:\users\hua yuan yu\cs3113\project_template\windows\nyucodebase\nyucodebase\gameapp.cpp(331): warning C4715: 'gameApp::CheckWall' : not all control paths return a value
       Link:
         C:\Program Files (x86)\Microsoft Visual Studio 12.0\VC\bin\link.exe /ERRORREPORT:PROMPT /OUT:"C:\Users\Hua Yuan Yu\CS3113\project_template\Windows\NYUCodebase\Debug\NYUCodebase.exe" /INCREMENTAL /NOLOGO /LIBPATH:C:\SDL2_mixer\lib\x86 /LIBPATH:C:\SDL2\lib\x86 /LIBPATH:C:\SDL2_image\lib\x86 /LIBPATH:C:\glew\lib\Release\Win32 SDL2.lib SDL2_mixer.lib glew32.lib SDL2main.lib SDL2_image.lib OpenGL32.lib /MANIFEST /MANIFESTUAC:"level='asInvoker' uiAccess='false'" /manifest:embed /DEBUG /PDB:"C:\Users\Hua Yuan Yu\CS3113\project_template\Windows\NYUCodebase\Debug\NYUCodebase.pdb" /SUBSYSTEM:WINDOWS /TLBID:1 /DYNAMICBASE /NXCOMPAT /IMPLIB:"C:\Users\Hua Yuan Yu\CS3113\project_template\Windows\NYUCodebase\Debug\NYUCodebase.lib" /MACHINE:X86 Debug\Entity.obj
         Debug\gameApp.obj
         Debug\main.obj
         Debug\Matrix.obj
         Debug\ShaderProgram.obj
         Debug\SpriteSheet.obj
         NYUCodebase.vcxproj -> C:\Users\Hua Yuan Yu\CS3113\project_template\Windows\NYUCodebase\Debug\NYUCodebase.exe
     1>Done Building Project "C:\Users\Hua Yuan Yu\CS3113\project_template\Windows\NYUCodebase\NYUCodebase\NYUCodebase.vcxproj" (Build target(s)).

Build succeeded.

Time Elapsed 00:00:02.28
