c:\users\hua yuan yu\cs3113\project_template\windows\nyucodebase\nyucodebase\debug\vc120.pdb
c:\users\hua yuan yu\cs3113\project_template\windows\nyucodebase\nyucodebase\debug\vc120.idb
c:\users\hua yuan yu\cs3113\project_template\windows\nyucodebase\nyucodebase\debug\main.obj
c:\users\hua yuan yu\cs3113\project_template\windows\nyucodebase\nyucodebase\debug\matrix.obj
c:\users\hua yuan yu\cs3113\project_template\windows\nyucodebase\nyucodebase\debug\shaderprogram.obj
c:\users\hua yuan yu\cs3113\project_template\windows\nyucodebase\nyucodebase\debug\alieninvaders.obj
c:\users\hua yuan yu\cs3113\project_template\windows\nyucodebase\nyucodebase\debug\spritesheet.obj
c:\users\hua yuan yu\cs3113\project_template\windows\nyucodebase\nyucodebase\debug\entity.obj
c:\users\hua yuan yu\cs3113\project_template\windows\nyucodebase\nyucodebase\debug\gameapp.obj
c:\users\hua yuan yu\desktop\cs3113 hw mains\#3\nyucodebase\nyucodebase\debug\vc120.pdb
c:\users\hua yuan yu\desktop\cs3113 hw mains\#3\nyucodebase\nyucodebase\debug\vc120.idb
c:\users\hua yuan yu\desktop\cs3113 hw mains\#3\nyucodebase\nyucodebase\debug\entity.obj
c:\users\hua yuan yu\desktop\cs3113 hw mains\#3\nyucodebase\nyucodebase\debug\gameapp.obj
c:\users\hua yuan yu\desktop\cs3113 hw mains\#3\nyucodebase\nyucodebase\debug\main.obj
c:\users\hua yuan yu\desktop\cs3113 hw mains\#3\nyucodebase\nyucodebase\debug\matrix.obj
c:\users\hua yuan yu\desktop\cs3113 hw mains\#3\nyucodebase\nyucodebase\debug\shaderprogram.obj
c:\users\hua yuan yu\desktop\cs3113 hw mains\#3\nyucodebase\nyucodebase\debug\spritesheet.obj
c:\users\hua yuan yu\desktop\cs3113 hw mains\#4\nyucodebase\nyucodebase\debug\vc120.pdb
c:\users\hua yuan yu\desktop\cs3113 hw mains\#4\nyucodebase\nyucodebase\debug\vc120.idb
c:\users\hua yuan yu\desktop\cs3113 hw mains\#4\nyucodebase\nyucodebase\debug\entity.obj
c:\users\hua yuan yu\desktop\cs3113 hw mains\#4\nyucodebase\nyucodebase\debug\main.obj
c:\users\hua yuan yu\desktop\cs3113 hw mains\#4\nyucodebase\nyucodebase\debug\matrix.obj
c:\users\hua yuan yu\desktop\cs3113 hw mains\#4\nyucodebase\nyucodebase\debug\shaderprogram.obj
c:\users\hua yuan yu\desktop\cs3113 hw mains\#4\nyucodebase\nyucodebase\debug\spritesheet.obj
c:\users\hua yuan yu\desktop\cs3113 hw mains\#4\nyucodebase\nyucodebase\debug\gameapp.obj
c:\users\hua yuan yu\cs3113\project_template\windows\nyucodebase\debug\nyucodebase.ilk
c:\users\hua yuan yu\cs3113\project_template\windows\nyucodebase\debug\nyucodebase.exe
c:\users\hua yuan yu\cs3113\project_template\windows\nyucodebase\debug\nyucodebase.pdb
c:\users\hua yuan yu\desktop\cs3113 hw mains\#3\nyucodebase\debug\nyucodebase.ilk
c:\users\hua yuan yu\desktop\cs3113 hw mains\#3\nyucodebase\debug\nyucodebase.exe
c:\users\hua yuan yu\desktop\cs3113 hw mains\#3\nyucodebase\debug\nyucodebase.pdb
c:\users\hua yuan yu\desktop\cs3113 hw mains\#4\nyucodebase\debug\nyucodebase.ilk
c:\users\hua yuan yu\desktop\cs3113 hw mains\#4\nyucodebase\debug\nyucodebase.exe
c:\users\hua yuan yu\desktop\cs3113 hw mains\#4\nyucodebase\debug\nyucodebase.pdb
c:\users\hua yuan yu\desktop\cs3113 hw mains\#4\nyucodebase\nyucodebase\debug\alieninvaders.obj
c:\users\hua yuan yu\desktop\cs3113 hw mains\#4\nyucodebase\nyucodebase\debug\nyucodebase.tlog\cl.command.1.tlog
c:\users\hua yuan yu\desktop\cs3113 hw mains\#4\nyucodebase\nyucodebase\debug\nyucodebase.tlog\cl.read.1.tlog
c:\users\hua yuan yu\desktop\cs3113 hw mains\#4\nyucodebase\nyucodebase\debug\nyucodebase.tlog\cl.write.1.tlog
c:\users\hua yuan yu\desktop\cs3113 hw mains\#4\nyucodebase\nyucodebase\debug\nyucodebase.tlog\link.command.1.tlog
c:\users\hua yuan yu\desktop\cs3113 hw mains\#4\nyucodebase\nyucodebase\debug\nyucodebase.tlog\link.read.1.tlog
c:\users\hua yuan yu\desktop\cs3113 hw mains\#4\nyucodebase\nyucodebase\debug\nyucodebase.tlog\link.write.1.tlog
